\BOOKMARK [1][-]{table.caption.2}{\376\377\016\032\016\027\016\004\016\061\016\024\016\042\016\110\016\055\016\040\016\062\016\051\016\062\016\104\016\027\016\042}{}% 1
\BOOKMARK [1][-]{table.caption.3}{\376\377\016\032\016\027\016\004\016\061\016\024\016\042\016\110\016\055\016\040\016\062\016\051\016\062\016\055\016\061\016\007\016\001\016\044\016\051}{}% 2
\BOOKMARK [1][-]{chapter*.4}{\376\377\016\001\016\064\016\025\016\025\016\064\016\001\016\043\016\043\016\041\016\033\016\043\016\060\016\001\016\062\016\050}{}% 3
\BOOKMARK [1][-]{section*.7}{\376\377\016\052\016\062\016\043\016\032\016\061\016\015\016\025\016\062\016\043\016\062\016\007}{}% 4
\BOOKMARK [1][-]{section*.9}{\376\377\016\052\016\062\016\043\016\032\016\061\016\015\016\043\016\071\016\033}{}% 5
\BOOKMARK [1][-]{section*.11}{\376\377\016\052\016\061\016\015\016\045\016\061\016\001\016\051\016\023\016\114\016\101\016\045\016\060\016\004\016\063\016\042\016\110\016\055}{}% 6
\BOOKMARK [0][-]{chapter.1}{\376\377\016\032\016\027\016\031\016\063}{}% 7
\BOOKMARK [1][-]{section.1.1}{\376\377\016\027\016\065\016\110\016\041\016\062\016\101\016\045\016\060\016\004\016\047\016\062\016\041\016\052\016\063\016\004\016\061\016\015}{chapter.1}% 8
\BOOKMARK [1][-]{section.1.2}{\376\377\016\047\016\061\016\025\016\026\016\070\016\033\016\043\016\060\016\052\016\007\016\004\016\114}{chapter.1}% 9
\BOOKMARK [1][-]{section.1.3}{\376\377\016\002\016\055\016\032\016\100\016\002\016\025\016\007\016\062\016\031\016\047\016\064\016\010\016\061\016\042}{chapter.1}% 10
\BOOKMARK [1][-]{section.1.4}{\376\377\016\033\016\043\016\060\016\102\016\042\016\012\016\031\016\114\016\027\016\065\016\110\016\004\016\062\016\024\016\047\016\110\016\062\016\010\016\060\016\104\016\024\016\111\016\043\016\061\016\032}{chapter.1}% 11
\BOOKMARK [1][-]{section.1.5}{\376\377\016\101\016\034\016\031\016\001\016\062\016\043\016\024\016\063\016\100\016\031\016\064\016\031\016\007\016\062\016\031}{chapter.1}% 12
\BOOKMARK [0][-]{chapter.2}{\376\377\016\047\016\043\016\043\016\023\016\001\016\043\016\043\016\041\016\101\016\045\016\060\016\027\016\044\016\051\016\016\016\065\016\027\016\065\016\110\016\100\016\001\016\065\016\110\016\042\016\047\016\002\016\111\016\055\016\007}{}% 13
\BOOKMARK [1][-]{section.2.1}{\376\377\016\032\016\043\016\064\016\032\016\027\016\001\016\062\016\043\016\024\016\071\016\101\016\045\016\034\016\071\016\111\016\052\016\071\016\007\016\055\016\062\016\042\016\070\016\101\016\045\016\060\016\004\016\047\016\062\016\041\016\027\016\111\016\062\016\027\016\062\016\042\016\103\016\031\016\052\016\026\016\062\016\031\016\024\016\071\016\101\016\045}{chapter.2}% 14
\BOOKMARK [1][-]{section.2.2}{\376\377\016\101\016\031\016\047\016\004\016\064\016\024\000\040\000I\000o\000T\000,\000\040\000S\000m\000a\000r\000t\000\040\000E\000n\000v\000i\000r\000o\000n\000m\000e\000n\000t\000\040\016\101\016\045\016\060\000\040\000A\000m\000b\000i\000e\000n\000t\000\040\000A\000s\000s\000i\000s\000t\000e\000d\000\040\000L\000i\000v\000i\000n\000g}{chapter.2}% 15
\BOOKMARK [1][-]{section.2.3}{\376\377\016\027\016\044\016\051\016\016\016\065\016\043\016\060\016\032\016\032\016\043\016\060\016\032\016\070\016\025\016\063\016\101\016\053\016\031\016\110\016\007\016\040\016\062\016\042\016\103\016\031\016\055\016\062\016\004\016\062\016\043}{chapter.2}% 16
\BOOKMARK [2][-]{subsection.2.3.1}{\376\377\016\100\016\027\016\004\016\031\016\064\016\004\016\100\016\012\016\064\016\007\016\043\016\060\016\042\016\060\016\027\016\062\016\007\000\040\000\050\000R\000a\000n\000g\000e\000-\000b\000a\000s\000e\000d\000\040\000T\000e\000c\000h\000n\000i\000q\000u\000e\000s\000\051}{section.2.3}% 17
\BOOKMARK [2][-]{subsection.2.3.2}{\376\377\016\100\016\027\016\004\016\031\016\064\016\004\016\001\016\062\016\043\016\052\016\043\016\111\016\062\016\007\016\101\016\034\016\031\016\027\016\065\016\110\016\052\016\061\016\015\016\015\016\062\016\023\000\040\000\050\000F\000i\000n\000g\000e\000r\000p\000r\000i\000n\000t\000i\000n\000g\000\051}{section.2.3}% 18
\BOOKMARK [1][-]{section.2.4}{\376\377\016\100\016\027\016\004\016\102\016\031\016\102\016\045\016\042\016\065\016\100\016\013\016\107\016\031\016\100\016\013\016\055\016\043\016\114\016\052\016\063\016\053\016\043\016\061\016\032\016\001\016\062\016\043\016\025\016\043\016\047\016\010\016\047\016\061\016\024\016\001\016\064\016\010\016\001\016\043\016\043\016\041}{chapter.2}% 19
\BOOKMARK [2][-]{subsection.2.4.1}{\376\377\000P\000h\000o\000t\000o\000p\000l\000e\000t\000h\000y\000s\000m\000o\000g\000r\000a\000p\000h\000y\000\040\000\050\000P\000P\000G\000\051}{section.2.4}% 20
\BOOKMARK [2][-]{subsection.2.4.2}{\376\377\000I\000n\000e\000r\000t\000i\000a\000l\000\040\000M\000e\000a\000s\000u\000r\000e\000m\000e\000n\000t\000\040\000U\000n\000i\000t\000\040\000\050\000I\000M\000U\000\051}{section.2.4}% 21
\BOOKMARK [1][-]{section.2.5}{\376\377\016\055\016\061\016\045\016\001\016\055\016\043\016\064\016\027\016\066\016\041\000\040\000K\000-\000N\000e\000a\000r\000e\000s\000t\000\040\000N\000e\000i\000g\000h\000b\000o\000r\000s\000\040\000\050\000K\000N\000N\000\051}{chapter.2}% 22
\BOOKMARK [1][-]{section.2.6}{\376\377\016\055\016\070\016\033\016\001\016\043\016\023\016\114\016\056\016\062\016\043\016\114\016\024\016\101\016\047\016\043\016\114\016\101\016\045\016\060\016\100\016\004\016\043\016\067\016\110\016\055\016\007\016\041\016\067\016\055\016\027\016\065\016\110\016\100\016\001\016\065\016\110\016\042\016\047\016\002\016\111\016\055\016\007}{chapter.2}% 23
\BOOKMARK [2][-]{subsection.2.6.1}{\376\377\000M\0005\000S\000t\000i\000c\000k\000C\000\040\000P\000l\000u\000s\0002}{section.2.6}% 24
\BOOKMARK [2][-]{subsection.2.6.2}{\376\377\000L\000i\000l\000y\000g\000o\000\040\000T\000-\000S\000i\000m\000C\000a\000m}{section.2.6}% 25
\BOOKMARK [2][-]{subsection.2.6.3}{\376\377\000P\000o\000l\000a\000r\000\040\000V\000e\000r\000i\000t\000y\000\040\000S\000e\000n\000s\000e}{section.2.6}% 26
\BOOKMARK [2][-]{subsection.2.6.4}{\376\377\000R\000a\000s\000p\000b\000e\000r\000r\000y\000\040\000P\000i\000\040\0005}{section.2.6}% 27
\BOOKMARK [1][-]{section.2.7}{\376\377\016\100\016\027\016\004\016\102\016\031\016\102\016\045\016\042\016\065\016\013\016\055\016\037\016\025\016\114\016\101\016\047\016\043\016\114\016\101\016\045\016\060\016\102\016\004\016\043\016\007\016\052\016\043\016\111\016\062\016\007\016\036\016\067\016\111\016\031\016\020\016\062\016\031\016\027\016\065\016\110\016\100\016\001\016\065\016\110\016\042\016\047\016\002\016\111\016\055\016\007}{chapter.2}% 28
\BOOKMARK [2][-]{subsection.2.7.1}{\376\377\016\101\016\031\016\047\016\004\016\064\016\024\016\001\016\062\016\043\016\055\016\055\016\001\016\101\016\032\016\032\000\040\000U\000X\000/\000U\000I\000\040\016\052\016\063\016\053\016\043\016\061\016\032\016\043\016\060\016\032\016\032\016\025\016\064\016\024\016\025\016\062\016\041\016\052\016\040\016\062\016\047\016\060}{section.2.7}% 29
\BOOKMARK [2][-]{subsection.2.7.2}{\376\377\000F\000a\000s\000t\000A\000P\000I\000\040\000\050\000B\000a\000c\000k\000e\000n\000d\000\040\000F\000r\000a\000m\000e\000w\000o\000r\000k\000\051}{section.2.7}% 30
\BOOKMARK [2][-]{subsection.2.7.3}{\376\377\000R\000e\000a\000c\000t\000\040\000\050\000U\000I\000\040\000L\000i\000b\000r\000a\000r\000y\000\051}{section.2.7}% 31
\BOOKMARK [2][-]{subsection.2.7.4}{\376\377\000N\000e\000x\000t\000.\000j\000s\000\040\000\050\000F\000r\000o\000n\000t\000e\000n\000d\000\040\000F\000r\000a\000m\000e\000w\000o\000r\000k\000\051}{section.2.7}% 32
\BOOKMARK [2][-]{subsection.2.7.5}{\376\377\000R\000e\000a\000c\000t\000\040\000N\000a\000t\000i\000v\000e\000\040\016\101\016\045\016\060\000\040\000E\000x\000p\000o\000\040\000\050\000M\000o\000b\000i\000l\000e\000\040\000D\000e\000v\000e\000l\000o\000p\000m\000e\000n\000t\000\040\000F\000r\000a\000m\000e\000w\000o\000r\000k\000\051}{section.2.7}% 33
\BOOKMARK [2][-]{subsection.2.7.6}{\376\377\000P\000o\000s\000t\000g\000r\000e\000S\000Q\000L\000\040\000\050\000D\000a\000t\000a\000b\000a\000s\000e\000\040\000M\000a\000n\000a\000g\000e\000m\000e\000n\000t\000\040\000S\000y\000s\000t\000e\000m\000\051}{section.2.7}% 34
\BOOKMARK [2][-]{subsection.2.7.7}{\376\377\000D\000o\000c\000k\000e\000r\000\040\000\050\000C\000o\000n\000t\000a\000i\000n\000e\000r\000i\000z\000a\000t\000i\000o\000n\000\051}{section.2.7}% 35
\BOOKMARK [2][-]{subsection.2.7.8}{\376\377\000O\000l\000l\000a\000m\000a\000\040\016\101\016\045\016\060\000\040\000L\000a\000r\000g\000e\000\040\000L\000a\000n\000g\000u\000a\000g\000e\000\040\000M\000o\000d\000e\000l\000s\000\040\000\050\000L\000L\000M\000\051}{section.2.7}% 36
\BOOKMARK [2][-]{subsection.2.7.9}{\376\377\000M\000o\000d\000e\000l\000\040\000C\000o\000n\000t\000e\000x\000t\000\040\000P\000r\000o\000t\000o\000c\000o\000l\000\040\000\050\000M\000C\000P\000\051}{section.2.7}% 37
\BOOKMARK [2][-]{subsection.2.7.10}{\376\377\000M\000Q\000T\000T\000\040\000\050\000M\000e\000s\000s\000a\000g\000e\000\040\000Q\000u\000e\000u\000i\000n\000g\000\040\000T\000e\000l\000e\000m\000e\000t\000r\000y\000\040\000T\000r\000a\000n\000s\000p\000o\000r\000t\000\051}{section.2.7}% 38
\BOOKMARK [2][-]{subsection.2.7.11}{\376\377\000P\000l\000a\000t\000f\000o\000r\000m\000I\000O\000\040\016\101\016\045\016\060\016\001\016\062\016\043\016\036\016\061\016\022\016\031\016\062\000\040\000F\000i\000r\000m\000w\000a\000r\000e}{section.2.7}% 39
\BOOKMARK [2][-]{subsection.2.7.12}{\376\377\000H\000o\000m\000e\000\040\000A\000s\000s\000i\000s\000t\000a\000n\000t\000\040\016\101\016\045\016\060\016\001\016\062\016\043\016\004\016\047\016\032\016\004\016\070\016\041\016\055\016\070\016\033\016\001\016\043\016\023\016\114\000\040\000I\000o\000T}{section.2.7}% 40
\BOOKMARK [1][-]{section.2.8}{\376\377\016\027\016\044\016\051\016\016\016\065\016\024\016\111\016\062\016\031\016\004\016\047\016\062\016\041\016\033\016\045\016\055\016\024\016\040\016\061\016\042\016\101\016\045\016\060\016\001\016\062\016\043\016\004\016\047\016\032\016\004\016\070\016\041\016\052\016\064\016\027\016\030\016\064\016\114\016\001\016\062\016\043\016\100\016\002\016\111\016\062\016\026\016\066\016\007}{chapter.2}% 41
\BOOKMARK [2][-]{subsection.2.8.1}{\376\377\016\001\016\062\016\043\016\004\016\047\016\032\016\004\016\070\016\041\016\001\016\062\016\043\016\100\016\002\016\111\016\062\016\026\016\066\016\007\016\025\016\062\016\041\016\032\016\027\016\032\016\062\016\027\000\040\000\050\000R\000o\000l\000e\000-\000B\000a\000s\000e\000d\000\040\000A\000c\000c\000e\000s\000s\000\040\000C\000o\000n\000t\000r\000o\000l\000:\000\040\000R\000B\000A\000C\000\051}{section.2.8}% 42
\BOOKMARK [2][-]{subsection.2.8.2}{\376\377\016\001\016\062\016\043\016\043\016\061\016\001\016\051\016\062\016\004\016\047\016\062\016\041\016\033\016\045\016\055\016\024\016\040\016\061\016\042\016\002\016\055\016\007\016\052\016\026\016\062\016\033\016\061\016\025\016\042\016\001\016\043\016\043\016\041\016\043\016\060\016\032\016\032}{section.2.8}% 43
\BOOKMARK [1][-]{section.2.9}{\376\377\016\007\016\062\016\031\016\047\016\064\016\010\016\061\016\042\016\027\016\065\016\110\016\100\016\001\016\065\016\110\016\042\016\047\016\002\016\111\016\055\016\007}{chapter.2}% 44
\BOOKMARK [0][-]{chapter.3}{\376\377\016\047\016\064\016\030\016\065\016\001\016\062\016\043\016\050\016\066\016\001\016\051\016\062}{}% 45
\BOOKMARK [1][-]{section.3.1}{\376\377\016\001\016\062\016\043\016\055\016\055\016\001\016\101\016\032\016\032\016\043\016\060\016\032\016\032}{chapter.3}% 46
\BOOKMARK [1][-]{section.3.2}{\376\377\016\001\016\062\016\043\016\055\016\055\016\001\016\101\016\032\016\032\016\100\016\013\016\107\016\031\016\100\016\013\016\055\016\043\016\114\016\032\016\031\016\100\016\001\016\111\016\062\016\055\016\065\016\111\016\043\016\026\016\100\016\002\016\107\016\031}{chapter.3}% 47
\BOOKMARK [2][-]{subsection.3.2.1}{\376\377\016\056\016\062\016\043\016\114\016\024\016\101\016\047\016\043\016\114}{section.3.2}% 48
\BOOKMARK [2][-]{subsection.3.2.2}{\376\377\016\102\016\004\016\043\016\007\016\002\016\110\016\062\016\042\016\002\016\111\016\055\016\041\016\071\016\045}{section.3.2}% 49
\BOOKMARK [2][-]{subsection.3.2.3}{\376\377\016\001\016\062\016\043\016\033\016\043\016\060\016\041\016\047\016\045\016\034\016\045\016\002\016\111\016\055\016\041\016\071\016\045}{section.3.2}% 50
\BOOKMARK [1][-]{section.3.3}{\376\377\016\055\016\070\016\033\016\001\016\043\016\023\016\114\016\052\016\047\016\041\016\103\016\052\016\110\016\101\016\045\016\060\016\052\016\041\016\062\016\043\016\114\016\027\016\102\016\037\016\031}{chapter.3}% 51
\BOOKMARK [2][-]{subsection.3.3.1}{\376\377\016\056\016\062\016\043\016\114\016\024\016\101\016\047\016\043\016\114}{section.3.3}% 52
\BOOKMARK [2][-]{subsection.3.3.2}{\376\377\016\102\016\004\016\043\016\007\016\002\016\110\016\062\016\042\016\002\016\111\016\055\016\041\016\071\016\045}{section.3.3}% 53
\BOOKMARK [2][-]{subsection.3.3.3}{\376\377\016\001\016\062\016\043\016\033\016\043\016\060\016\041\016\047\016\045\016\034\016\045\016\002\016\111\016\055\016\041\016\071\016\045}{section.3.3}% 54
\BOOKMARK [1][-]{section.3.4}{\376\377\016\001\016\062\016\043\016\010\016\063\016\101\016\031\016\001\016\025\016\063\016\101\016\053\016\031\016\110\016\007}{chapter.3}% 55
\BOOKMARK [2][-]{subsection.3.4.1}{\376\377\016\056\016\062\016\043\016\114\016\024\016\101\016\047\016\043\016\114}{section.3.4}% 56
\BOOKMARK [2][-]{subsection.3.4.2}{\376\377\016\001\016\062\016\043\016\033\016\043\016\060\016\041\016\047\016\045\016\034\016\045\016\002\016\111\016\055\016\041\016\071\016\045}{section.3.4}% 57
\BOOKMARK [1][-]{section.3.5}{\376\377\016\100\016\013\016\064\016\043\016\114\016\037\016\100\016\047\016\055\016\043\016\114}{chapter.3}% 58
\BOOKMARK [2][-]{subsection.3.5.1}{\376\377\016\052\016\026\016\062\016\033\016\061\016\025\016\042\016\001\016\043\016\043\016\041\016\102\016\024\016\042\016\043\016\047\016\041}{section.3.5}% 59
\BOOKMARK [2][-]{subsection.3.5.2}{\376\377\016\101\016\055\016\033\016\036\016\045\016\064\016\100\016\004\016\012\016\061\016\031\016\101\016\032\016\107\016\001\016\100\016\055\016\031\016\024\016\114\000\040\000F\000a\000s\000t\000A\000P\000I}{section.3.5}% 60
\BOOKMARK [2][-]{subsection.3.5.3}{\376\377\016\012\016\110\016\055\016\007\016\027\016\062\016\007\016\052\016\067\016\110\016\055\016\052\016\062\016\043\016\101\016\045\016\060\016\001\016\062\016\043\016\043\016\061\016\032\016\002\016\111\016\055\016\041\016\071\016\045}{section.3.5}% 61
\BOOKMARK [2][-]{subsection.3.5.4}{\376\377\016\020\016\062\016\031\016\002\016\111\016\055\016\041\016\071\016\045\000\040\000P\000o\000s\000t\000g\000r\000e\000S\000Q\000L}{section.3.5}% 62
\BOOKMARK [2][-]{subsection.3.5.5}{\376\377\016\043\016\060\016\032\016\032\016\004\016\047\016\032\016\004\016\070\016\041\016\055\016\070\016\033\016\001\016\043\016\023\016\114\000\040\000H\000o\000m\000e\000\040\000A\000s\000s\000i\000s\000t\000a\000n\000t}{section.3.5}% 63
\BOOKMARK [2][-]{subsection.3.5.6}{\376\377\016\043\016\060\016\032\016\032\016\043\016\061\016\032\016\043\016\055\016\007\016\004\016\047\016\062\016\041\016\026\016\071\016\001\016\025\016\111\016\055\016\007\016\101\016\045\016\060\016\001\016\062\016\043\016\004\016\047\016\032\016\004\016\070\016\041\016\052\016\064\016\027\016\030\016\064\016\114}{section.3.5}% 64
\BOOKMARK [1][-]{section.3.6}{\376\377\016\043\016\060\016\032\016\032\016\033\016\061\016\015\016\015\016\062\016\033\016\043\016\060\016\024\016\064\016\051\016\020\016\114\000\040\000\050\000A\000I\000\051}{chapter.3}% 65
\BOOKMARK [2][-]{subsection.3.6.1}{\376\377\016\052\016\026\016\062\016\033\016\061\016\025\016\042\016\001\016\043\016\043\016\041}{section.3.6}% 66
\BOOKMARK [2][-]{subsection.3.6.2}{\376\377\000P\000r\000o\000m\000p\000t}{section.3.6}% 67
\BOOKMARK [2][-]{subsection.3.6.3}{\376\377\016\055\016\007\016\004\016\114\016\033\016\043\016\060\016\001\016\055\016\032\016\055\016\067\016\110\016\031\016\106}{section.3.6}% 68
\BOOKMARK [1][-]{section.3.7}{\376\377\000H\000M\000I}{chapter.3}% 69
\BOOKMARK [2][-]{subsection.3.7.1}{\376\377\016\052\016\110\016\047\016\031\000\040\000U\000I\000\040\016\101\016\024\016\012\016\032\016\055\016\043\016\114\016\024\016\100\016\047\016\107\016\032}{section.3.7}% 70
\BOOKMARK [2][-]{subsection.3.7.2}{\376\377\016\001\016\062\016\043\016\100\016\012\016\067\016\110\016\055\016\041\016\025\016\110\016\055\016\101\016\032\016\107\016\001\016\100\016\055\016\031\016\024\016\114\016\101\016\045\016\060\016\033\016\043\016\060\016\052\016\064\016\027\016\030\016\064\016\040\016\062\016\036}{section.3.7}% 71
\BOOKMARK [2][-]{subsection.3.7.3}{\376\377\016\052\016\110\016\047\016\031\000\040\000U\000I\000\040\016\101\016\055\016\033\016\036\016\045\016\064\016\100\016\004\016\012\016\061\016\031\016\032\016\031\016\055\016\070\016\033\016\001\016\043\016\023\016\114\016\100\016\004\016\045\016\067\016\110\016\055\016\031\016\027\016\065\016\110}{section.3.7}% 72
\BOOKMARK [0][-]{chapter.4}{\376\377\016\034\016\045\016\001\016\062\016\043\016\047\016\064\016\010\016\061\016\042}{}% 73
\BOOKMARK [1][-]{section.4.1}{\376\377\016\032\016\027\016\031\016\063\016\101\016\045\016\060\016\040\016\062\016\036\016\043\016\047\016\041\016\001\016\062\016\043\016\033\016\043\016\060\016\100\016\041\016\064\016\031\016\034\016\045}{chapter.4}% 74
\BOOKMARK [1][-]{section.4.2}{\376\377\016\034\016\045\016\001\016\062\016\043\016\033\016\043\016\060\016\100\016\041\016\064\016\031\016\043\016\060\016\032\016\032\016\100\016\013\016\107\016\031\016\100\016\013\016\055\016\043\016\114\016\032\016\031\016\043\016\026\016\100\016\002\016\107\016\031}{chapter.4}% 75
\BOOKMARK [2][-]{subsection.4.2.1}{\376\377\016\001\016\062\016\043\016\027\016\024\016\052\016\055\016\032\016\056\016\062\016\043\016\114\016\024\016\101\016\047\016\043\016\114\016\101\016\045\016\060\016\001\016\062\016\043\016\055\016\110\016\062\016\031\016\004\016\110\016\062}{section.4.2}% 76
\BOOKMARK [2][-]{subsection.4.2.2}{\376\377\016\001\016\062\016\043\016\027\016\024\016\052\016\055\016\032\016\102\016\004\016\043\016\007\016\002\016\110\016\062\016\042\016\101\016\045\016\060\016\001\016\062\016\043\016\100\016\012\016\067\016\110\016\055\016\041\016\102\016\042\016\007\016\002\016\111\016\055\016\041\016\071\016\045}{section.4.2}% 77
\BOOKMARK [2][-]{subsection.4.2.3}{\376\377\016\034\016\045\016\001\016\062\016\043\016\033\016\043\016\060\016\041\016\047\016\045\016\034\016\045\016\002\016\111\016\055\016\041\016\071\016\045}{section.4.2}% 78
\BOOKMARK [1][-]{section.4.3}{\376\377\016\034\016\045\016\001\016\062\016\043\016\033\016\043\016\060\016\100\016\041\016\064\016\031\016\043\016\060\016\032\016\032\016\010\016\063\016\101\016\031\016\001\016\025\016\063\016\101\016\053\016\031\016\110\016\007}{chapter.4}% 79
\BOOKMARK [2][-]{subsection.4.3.1}{\376\377\016\001\016\062\016\043\016\027\016\024\016\052\016\055\016\032\016\056\016\062\016\043\016\114\016\024\016\101\016\047\016\043\016\114\016\101\016\045\016\060\000\040\000B\000e\000a\000c\000o\000n}{section.4.3}% 80
\BOOKMARK [2][-]{subsection.4.3.2}{\376\377\016\034\016\045\016\001\016\062\016\043\016\027\016\024\016\052\016\055\016\032\016\055\016\061\016\045\016\001\016\055\016\043\016\064\016\027\016\066\016\041}{section.4.3}% 81
\BOOKMARK [1][-]{section.4.4}{\376\377\016\034\016\045\016\001\016\062\016\043\016\033\016\043\016\060\016\100\016\041\016\064\016\031\016\055\016\070\016\033\016\001\016\043\016\023\016\114\016\052\016\047\016\041\016\103\016\052\016\110\016\101\016\045\016\060\016\052\016\041\016\062\016\043\016\114\016\027\016\102\016\037\016\031}{chapter.4}% 82
\BOOKMARK [2][-]{subsection.4.4.1}{\376\377\016\001\016\062\016\043\016\027\016\024\016\052\016\055\016\032\016\056\016\062\016\043\016\114\016\024\016\101\016\047\016\043\016\114\000\040\000P\000o\000l\000a\000r\000\040\000V\000e\000r\000i\000t\000y\000\040\000S\000e\000n\000s\000e}{section.4.4}% 83
\BOOKMARK [2][-]{subsection.4.4.2}{\376\377\016\001\016\062\016\043\016\027\016\024\016\052\016\055\016\032\016\001\016\062\016\043\016\100\016\012\016\067\016\110\016\055\016\041\016\025\016\110\016\055\016\052\016\041\016\062\016\043\016\114\016\027\016\102\016\037\016\031\016\101\016\045\016\060\000\040\000G\000a\000t\000e\000w\000a\000y}{section.4.4}% 84
\BOOKMARK [2][-]{subsection.4.4.3}{\376\377\016\034\016\045\016\001\016\062\016\043\016\033\016\043\016\060\016\041\016\047\016\045\016\034\016\045\016\002\016\111\016\055\016\041\016\071\016\045\016\052\016\061\016\015\016\015\016\062\016\023\016\012\016\065\016\036}{section.4.4}% 85
\BOOKMARK [1][-]{section.4.5}{\376\377\016\034\016\045\016\001\016\062\016\043\016\033\016\043\016\060\016\100\016\041\016\064\016\031\016\100\016\013\016\064\016\043\016\114\016\037\016\100\016\047\016\055\016\043\016\114\016\052\016\110\016\047\016\031\016\001\016\045\016\062\016\007}{chapter.4}% 86
\BOOKMARK [2][-]{subsection.4.5.1}{\376\377\016\034\016\045\016\001\016\062\016\043\016\027\016\024\016\052\016\055\016\032\016\052\016\026\016\062\016\033\016\061\016\025\016\042\016\001\016\043\016\043\016\041\016\101\016\045\016\060\016\001\016\062\016\043\000\040\000D\000e\000p\000l\000o\000y}{section.4.5}% 87
\BOOKMARK [2][-]{subsection.4.5.2}{\376\377\016\034\016\045\016\001\016\062\016\043\016\027\016\024\016\052\016\055\016\032\016\012\016\110\016\055\016\007\016\027\016\062\016\007\016\052\016\067\016\110\016\055\016\052\016\062\016\043}{section.4.5}% 88
\BOOKMARK [2][-]{subsection.4.5.3}{\376\377\016\034\016\045\016\001\016\062\016\043\016\027\016\024\016\052\016\055\016\032\016\020\016\062\016\031\016\002\016\111\016\055\016\041\016\071\016\045}{section.4.5}% 89
\BOOKMARK [2][-]{subsection.4.5.4}{\376\377\016\034\016\045\016\001\016\062\016\043\016\027\016\024\016\052\016\055\016\032\000\040\000H\000o\000m\000e\000\040\000A\000s\000s\000i\000s\000t\000a\000n\000t\000\040\000I\000n\000t\000e\000g\000r\000a\000t\000i\000o\000n}{section.4.5}% 90
\BOOKMARK [2][-]{subsection.4.5.5}{\376\377\016\034\016\045\016\001\016\062\016\043\016\027\016\024\016\052\016\055\016\032\016\004\016\047\016\062\016\041\016\033\016\045\016\055\016\024\016\040\016\061\016\042}{section.4.5}% 91
\BOOKMARK [1][-]{section.4.6}{\376\377\016\034\016\045\016\001\016\062\016\043\016\033\016\043\016\060\016\100\016\041\016\064\016\031\016\043\016\060\016\032\016\032\016\034\016\071\016\111\016\012\016\110\016\047\016\042\016\055\016\061\016\010\016\011\016\043\016\064\016\042\016\060}{chapter.4}% 92
\BOOKMARK [2][-]{subsection.4.6.1}{\376\377\016\034\016\045\016\001\016\062\016\043\016\027\016\024\016\052\016\055\016\032\016\052\016\026\016\062\016\033\016\061\016\025\016\042\016\001\016\043\016\043\016\041\000\040\000A\000I}{section.4.6}% 93
\BOOKMARK [2][-]{subsection.4.6.2}{\376\377\016\034\016\045\016\001\016\062\016\043\016\027\016\024\016\052\016\055\016\032\000\040\000P\000r\000o\000m\000p\000t\000\040\016\101\016\045\016\060\000\040\000I\000n\000t\000e\000n\000t\000\040\000C\000l\000a\000s\000s\000i\000f\000i\000c\000a\000t\000i\000o\000n}{section.4.6}% 94
\BOOKMARK [2][-]{subsection.4.6.3}{\376\377\016\034\016\045\016\001\016\062\016\043\016\027\016\024\016\052\016\055\016\032\000\040\000P\000r\000o\000p\000o\000s\000e\000-\000C\000o\000n\000f\000i\000r\000m\000-\000E\000x\000e\000c\000u\000t\000e\000\040\000F\000l\000o\000w}{section.4.6}% 95
\BOOKMARK [1][-]{section.4.7}{\376\377\016\034\016\045\016\001\016\062\016\043\016\033\016\043\016\060\016\100\016\041\016\064\016\031\016\052\016\110\016\047\016\031\016\025\016\064\016\024\016\025\016\110\016\055\016\034\016\071\016\111\016\103\016\012\016\111\016\007\016\062\016\031}{chapter.4}% 96
\BOOKMARK [2][-]{subsection.4.7.1}{\376\377\016\034\016\045\016\001\016\062\016\043\016\027\016\024\016\052\016\055\016\032\016\101\016\024\016\012\016\032\016\055\016\043\016\114\016\024\016\100\016\047\016\107\016\032}{section.4.7}% 97
\BOOKMARK [2][-]{subsection.4.7.2}{\376\377\016\034\016\045\016\001\016\062\016\043\016\027\016\024\016\052\016\055\016\032\016\101\016\055\016\033\016\036\016\045\016\064\016\100\016\004\016\012\016\061\016\031\016\032\016\031\016\055\016\070\016\033\016\001\016\043\016\023\016\114\016\100\016\004\016\045\016\067\016\110\016\055\016\031\016\027\016\065\016\110}{section.4.7}% 98
\BOOKMARK [1][-]{section.4.8}{\376\377\016\001\016\062\016\043\016\027\016\024\016\052\016\055\016\032\016\043\016\060\016\032\016\032\016\101\016\032\016\032\016\033\016\045\016\062\016\042\016\026\016\066\016\007\016\033\016\045\016\062\016\042\016\101\016\045\016\060\016\001\016\043\016\023\016\065\016\050\016\066\016\001\016\051\016\062}{chapter.4}% 99
\BOOKMARK [2][-]{subsection.4.8.1}{\376\377\016\052\016\026\016\062\016\031\016\001\016\062\016\043\016\023\016\114\016\027\016\024\016\052\016\055\016\032\016\101\016\032\016\032\016\033\016\045\016\062\016\042\016\026\016\066\016\007\016\033\016\045\016\062\016\042}{section.4.8}% 100
\BOOKMARK [2][-]{subsection.4.8.2}{\376\377\016\001\016\043\016\023\016\065\016\050\016\066\016\001\016\051\016\062\016\001\016\062\016\043\016\103\016\012\016\111\016\007\016\062\016\031\016\010\016\043\016\064\016\007}{section.4.8}% 101
\BOOKMARK [0][-]{chapter.5}{\376\377\016\052\016\043\016\070\016\033\016\034\016\045\016\001\016\062\016\043\016\047\016\064\016\010\016\061\016\042\000\040\016\101\016\045\016\060\016\002\016\111\016\055\016\100\016\052\016\031\016\055\016\101\016\031\016\060}{}% 102
\BOOKMARK [1][-]{section.5.1}{\376\377\016\055\016\040\016\064\016\033\016\043\016\062\016\042\016\034\016\045\016\007\016\062\016\031\016\047\016\064\016\010\016\061\016\042}{chapter.5}% 103
\BOOKMARK [1][-]{section.5.2}{\376\377\016\052\016\043\016\070\016\033\016\034\016\045\016\007\016\062\016\031\016\047\016\064\016\010\016\061\016\042}{chapter.5}% 104
\BOOKMARK [1][-]{section.5.3}{\376\377\016\002\016\111\016\055\016\010\016\063\016\001\016\061\016\024\016\002\016\055\016\007\016\007\016\062\016\031\016\047\016\064\016\010\016\061\016\042}{chapter.5}% 105
\BOOKMARK [1][-]{section.5.4}{\376\377\016\002\016\111\016\055\016\100\016\052\016\031\016\055\016\101\016\031\016\060\016\103\016\031\016\001\016\062\016\043\016\047\016\064\016\010\016\061\016\042}{chapter.5}% 106
\BOOKMARK [0][-]{section*.102}{\376\377\016\043\016\062\016\042\016\001\016\062\016\043\016\055\016\111\016\062\016\007\016\055\016\064\016\007}{}% 107
\BOOKMARK [0][-]{section*.104}{\376\377\016\040\016\062\016\004\016\034\016\031\016\047\016\001}{}% 108
\BOOKMARK [1][-]{appendix.A}{\376\377\016\004\016\045\016\061\016\007\016\013\016\055\016\043\016\114\016\052\016\102\016\004\016\111\016\024}{section*.104}% 109
\BOOKMARK [1][-]{appendix.B}{\376\377\016\101\016\032\016\032\016\052\016\055\016\032\016\026\016\062\016\041\016\033\016\043\016\060\016\100\016\041\016\064\016\031\016\004\016\047\016\062\016\041\016\036\016\066\016\007\016\036\016\055\016\103\016\010\000\040\000G\000o\000o\000g\000l\000e\000\040\000F\000o\000r\000m}{section*.104}% 110
\BOOKMARK [1][-]{appendix.C}{\376\377\016\040\016\062\016\036\016\033\016\043\016\060\016\001\016\055\016\032\016\001\016\062\016\043\016\027\016\024\016\045\016\055\016\007\016\101\016\045\016\060\016\001\016\062\016\043\016\100\016\002\016\111\016\062\016\036\016\067\016\111\016\031\016\027\016\065\016\110\016\032\016\111\016\062\016\031\016\036\016\061\016\001\016\004\016\031\016\012\016\043\016\062}{section*.104}% 111
